<?xml version="1.0" encoding="UTF-8"?>
<!-- Generated by org.testng.reporters.JUnitReportReporter -->
<testsuite skipped="0" hostname="ip-172-31-28-100" name="com.main.FirstClassMaven" tests="3" failures="0" timestamp="2022-01-23T17:50:09 UTC" time="0.008" errors="0">
  <testcase name="tm2" time="0.001" classname="com.main.FirstClassMaven"/>
  <system-out/>
  <testcase name="testMaven1" time="0.006" classname="com.main.FirstClassMaven"/>
  <system-out/>
  <testcase name="tm3" time="0.001" classname="com.main.FirstClassMaven"/>
  <system-out/>
</testsuite> <!-- com.main.FirstClassMaven -->
