<?xml version="1.0" encoding="UTF-8"?>
<!-- Generated by org.testng.reporters.JUnitReportReporter -->
<testsuite skipped="0" hostname="ip-172-31-28-100" name="com.main.SecondClass" tests="4" failures="0" timestamp="2022-01-23T17:50:09 UTC" time="0.003" errors="0">
  <testcase name="testMaven1" time="0.001" classname="com.main.SecondClass"/>
  <system-out/>
  <testcase name="tm3" time="0.001" classname="com.main.SecondClass"/>
  <system-out/>
  <testcase name="tm123" time="0.000" classname="com.main.SecondClass"/>
  <system-out/>
  <testcase name="tm2" time="0.001" classname="com.main.SecondClass"/>
  <system-out/>
</testsuite> <!-- com.main.SecondClass -->
